[2025-09-29 21:57:33] ======================================================================
[2025-09-29 21:57:33] Iniciando Tienda (desarrollo)
[2025-09-29 21:57:33] APP_DIR      = G:\Otros ordenadores\Mi PC(1)\Creality\PaginaWEB\tienda
[2025-09-29 21:57:33] RUNTIME_DIR  = G:\Otros ordenadores\Mi PC(1)\Creality\PaginaWEB\tienda
[2025-09-29 21:57:33] DJANGO_SETTINGS_MODULE = tienda.settings
[2025-09-29 21:57:33] URL local   : http://127.0.0.1:8000/
[2025-09-29 21:57:33] URL en LAN  : http://192.168.0.243:8000/
[2025-09-29 21:57:33] Logs en     : G:\Otros ordenadores\Mi PC(1)\Creality\PaginaWEB\tienda\logs\tienda.log
[2025-09-29 21:57:33] ======================================================================
[2025-09-29 21:57:33] >>> Versión de Django
[2025-09-29 21:57:33] $ C:\Users\Franck\AppData\Local\Microsoft\WindowsApps\PythonSoftwareFoundation.Python.3.11_qbz5n2kfra8p0\python.exe -c import django, sys; print('Django', django.get_version()); print(sys.executable)
Django 5.2.5
C:\Users\Franck\AppData\Local\Microsoft\WindowsApps\PythonSoftwareFoundation.Python.3.11_qbz5n2kfra8p0\python.exe
[2025-09-29 21:57:33] >>> Chequeo de sistema (manage.py check)
[2025-09-29 21:57:33] $ C:\Users\Franck\AppData\Local\Microsoft\WindowsApps\PythonSoftwareFoundation.Python.3.11_qbz5n2kfra8p0\python.exe manage.py check
System check identified some issues:

WARNINGS:
?: (staticfiles.W004) The directory 'G:\Otros ordenadores\Mi PC(1)\Creality\PaginaWEB\tienda\static' in the STATICFILES_DIRS setting does not exist.

System check identified 1 issue (0 silenced).
[2025-09-29 21:57:39] >>> Aplicando migraciones
[2025-09-29 21:57:39] $ C:\Users\Franck\AppData\Local\Microsoft\WindowsApps\PythonSoftwareFoundation.Python.3.11_qbz5n2kfra8p0\python.exe manage.py migrate --noinput
System check identified some issues:

WARNINGS:
?: (staticfiles.W004) The directory 'G:\Otros ordenadores\Mi PC(1)\Creality\PaginaWEB\tienda\static' in the STATICFILES_DIRS setting does not exist.
Operations to perform:
  Apply all migrations: admin, auth, contenttypes, sessions, shop
Running migrations:
  Applying contenttypes.0001_initial... OK
  Applying auth.0001_initial... OK
  Applying admin.0001_initial... OK
  Applying admin.0002_logentry_remove_auto_add... OK
  Applying admin.0003_logentry_add_action_flag_choices... OK
  Applying contenttypes.0002_remove_content_type_name... OK
  Applying auth.0002_alter_permission_name_max_length... OK
  Applying auth.0003_alter_user_email_max_length... OK
  Applying auth.0004_alter_user_username_opts... OK
  Applying auth.0005_alter_user_last_login_null... OK
  Applying auth.0006_require_contenttypes_0002... OK
  Applying auth.0007_alter_validators_add_error_messages... OK
  Applying auth.0008_alter_user_username_max_length... OK
  Applying auth.0009_alter_user_last_name_max_length... OK
  Applying auth.0010_alter_group_name_max_length... OK
  Applying auth.0011_update_proxy_permissions... OK
  Applying auth.0012_alter_user_first_name_max_length... OK
  Applying sessions.0001_initial... OK
  Applying shop.0001_initial... OK
  Applying shop.0002_remove_product_image_alter_product_base_price_and_more... OK
[2025-09-29 21:57:41] Levantando servidor sin autoreload...
[2025-09-29 21:57:41] >>> Servidor Django
[2025-09-29 21:57:41] $ C:\Users\Franck\AppData\Local\Microsoft\WindowsApps\PythonSoftwareFoundation.Python.3.11_qbz5n2kfra8p0\python.exe manage.py runserver 0.0.0.0:8000 --noreload
Performing system checks...

System check identified some issues:

WARNINGS:
?: (staticfiles.W004) The directory 'G:\Otros ordenadores\Mi PC(1)\Creality\PaginaWEB\tienda\static' in the STATICFILES_DIRS setting does not exist.

System check identified 1 issue (0 silenced).
September 29, 2025 - 21:57:43
Django version 5.2.5, using settings 'tienda.settings'
Starting development server at http://0.0.0.0:8000/
Quit the server with CTRL-BREAK.

WARNING: This is a development server. Do not use it in a production setting. Use a production WSGI or ASGI server instead.
For more information on production servers see: https://docs.djangoproject.com/en/5.2/howto/deployment/
